
> starter@1.0.0 e2e:base E:\Rice\secondterm\COMP531\hw6\frontend
> mocha --opts e2e/mocha.opts e2e/*.spec.js "--reporter" "xunit"

<testsuite name="Mocha Tests" tests="12" failures="0" errors="0" skipped="0" timestamp="Thu, 06 Apr 2017 02:58:45 GMT" time="68.493">
<testcase classname="Test Main Page (articles)" name="Create new article and validate article appears in feed" time="6.97"/>
<testcase classname="Test Main Page (articles)" name="Edit an article and validate changed article text" time="4.442"/>
<testcase classname="Test Main Page (articles)" name="Search for special &amp;quot;Only One Article Like This&amp;quot; article and verify author" time="7.943"/>
<testcase classname="Test Main (headline and follower) Page" name="Update the headline and verify the change" time="4.502"/>
<testcase classname="Test Main (headline and follower) Page" name="should Remove the Follower user and verify following count decreases by one" time="4.407"/>
<testcase classname="Test Main (headline and follower) Page" name="should Add the Follower user and verify following count increases by one" time="4.363"/>
<testcase classname="Test Landing Page (login)" name="should log in as the test user" time="0.595"/>
<testcase classname="Test Profile Page" name="Update user email and verify" time="4.481"/>
<testcase classname="Test Profile Page" name="Update user zipcode and verify" time="1.357"/>
<testcase classname="Test Profile Page" name="Update user password and verify" time="1.47"/>
<testcase classname="Test Landing Page (regsiter)" name="should register new user" time="5.965"/>
<testcase classname="shutdown" name="now" time="0.039"/>
</testsuite>
