
> starter@1.0.0 e2e:base E:\Rice\secondterm\COMP531\inclass-14\mockingnew\mocking
> mocha --opts e2e/mocha.opts e2e/*.spec.js "--reporter" "xunit"

<testsuite name="Mocha Tests" tests="3" failures="0" errors="0" skipped="0" timestamp="Thu, 02 Mar 2017 04:38:30 GMT" time="12.416">
<testcase classname="Test Dummy Server Example Page" name="should log in as the test user" time="0.605"/>
<testcase classname="Test Dummy Server Example Page" name="Update the headline and verify the change" time="4.145"/>
<testcase classname="shutdown" name="now" time="0.058"/>
</testsuite>
