TN:
SF:E:\Rice\secondterm\COMP531\hw6\frontend\src\actions.js
FN:0,_interopRequireDefault
FN:27,error
FN:30,success
FN:33,resource
FN:47,(anonymous_5)
FNF:5
FNH:5
FNDA:2,_interopRequireDefault
FNDA:3,error
FNDA:1,success
FNDA:13,resource
FNDA:12,(anonymous_5)
DA:0,2
DA:1,1
DA:2,1
DA:4,1
DA:6,1
DA:25,1
DA:27,1
DA:28,3
DA:30,1
DA:31,1
DA:33,13
DA:34,13
DA:38,13
DA:39,12
DA:43,13
DA:44,4
DA:46,13
DA:48,12
DA:49,11
DA:50,11
DA:53,0
DA:57,1
LF:22
LH:21
BRDA:0,1,0,0
BRDA:0,1,1,2
BRDA:0,2,0,2
BRDA:0,2,1,2
BRDA:33,3,0,1
BRDA:33,3,1,12
BRDA:33,4,0,13
BRDA:33,4,1,1
BRDA:38,5,0,12
BRDA:38,5,1,1
BRDA:43,6,0,4
BRDA:43,6,1,9
BRDA:44,7,0,4
BRDA:44,7,1,0
BRDA:48,8,0,11
BRDA:48,8,1,1
BRDA:49,9,0,11
BRDA:49,9,1,0
BRF:18
BRH:16
end_of_record
TN:
SF:E:\Rice\secondterm\COMP531\hw6\frontend\src\actions.spec.js
FN:0,_interopRequireDefault
FN:4,(anonymous_2)
FN:6,(anonymous_3)
FN:24,(anonymous_4)
FN:31,(anonymous_5)
FN:56,(anonymous_6)
FN:62,(anonymous_7)
FN:63,(anonymous_8)
FN:69,(anonymous_9)
FN:77,(anonymous_10)
FN:83,(anonymous_11)
FN:88,(anonymous_12)
FN:92,(anonymous_13)
FN:97,(anonymous_14)
FN:103,(anonymous_15)
FNF:15
FNH:15
FNDA:2,_interopRequireDefault
FNDA:1,(anonymous_2)
FNDA:8,(anonymous_3)
FNDA:8,(anonymous_4)
FNDA:1,(anonymous_5)
FNDA:1,(anonymous_6)
FNDA:1,(anonymous_7)
FNDA:1,(anonymous_8)
FNDA:1,(anonymous_9)
FNDA:1,(anonymous_10)
FNDA:1,(anonymous_11)
FNDA:1,(anonymous_12)
FNDA:1,(anonymous_13)
FNDA:1,(anonymous_14)
FNDA:1,(anonymous_15)
DA:0,2
DA:1,1
DA:2,1
DA:3,1
DA:4,1
DA:5,1
DA:6,1
DA:7,8
DA:8,0
DA:9,0
DA:10,0
DA:12,8
DA:13,8
DA:14,8
DA:15,8
DA:16,8
DA:17,8
DA:18,8
DA:19,8
DA:20,8
DA:21,8
DA:24,1
DA:25,8
DA:26,0
DA:27,0
DA:31,1
DA:32,1
DA:56,1
DA:57,1
DA:62,1
DA:63,1
DA:64,1
DA:69,1
DA:70,1
DA:71,1
DA:72,1
DA:77,1
DA:78,1
DA:83,1
DA:84,1
DA:85,1
DA:88,1
DA:89,1
DA:92,1
DA:93,1
DA:94,1
DA:97,1
DA:98,1
DA:99,1
DA:100,1
DA:103,1
DA:104,1
DA:105,1
DA:106,1
LF:54
LH:49
BRDA:0,1,0,0
BRDA:0,1,1,2
BRDA:0,2,0,2
BRDA:0,2,1,2
BRDA:7,3,0,0
BRDA:7,3,1,8
BRDA:25,4,0,0
BRDA:25,4,1,8
BRF:8
BRH:6
end_of_record
TN:
SF:E:\Rice\secondterm\COMP531\hw6\frontend\src\components\app.js
FN:0,_interopRequireDefault
FN:8,App
FN:22,(anonymous_3)
FNF:3
FNH:1
FNDA:4,_interopRequireDefault
FNDA:0,App
FNDA:0,(anonymous_3)
DA:0,4
DA:1,1
DA:2,1
DA:4,1
DA:5,1
DA:6,1
DA:8,1
DA:9,0
DA:10,0
DA:11,0
DA:12,0
DA:13,0
DA:16,0
DA:21,1
DA:23,0
LF:15
LH:8
BRDA:0,1,0,3
BRDA:0,1,1,1
BRDA:0,2,0,4
BRDA:0,2,1,4
BRDA:11,3,0,0
BRDA:11,3,1,0
BRDA:11,3,2,0
BRF:7
BRH:5
end_of_record
TN:
SF:E:\Rice\secondterm\COMP531\hw6\frontend\src\components\main\main.js
FN:0,_interopRequireDefault
FN:11,Main
FN:13,_search
FN:38,ref
FN:60,(anonymous_5)
FN:66,(anonymous_6)
FN:68,search
FNF:7
FNH:1
FNDA:7,_interopRequireDefault
FNDA:0,Main
FNDA:0,_search
FNDA:0,ref
FNDA:0,(anonymous_5)
FNDA:0,(anonymous_6)
FNDA:0,search
DA:0,7
DA:1,1
DA:2,1
DA:3,1
DA:4,1
DA:5,1
DA:6,1
DA:7,1
DA:8,1
DA:9,1
DA:11,1
DA:12,0
DA:13,0
DA:14,0
DA:17,0
DA:38,0
DA:59,1
DA:61,0
DA:67,0
DA:68,0
LF:20
LH:12
BRDA:0,1,0,6
BRDA:0,1,1,1
BRDA:0,2,0,7
BRDA:0,2,1,7
BRF:4
BRH:4
end_of_record
TN:
SF:E:\Rice\secondterm\COMP531\hw6\frontend\src\components\main\mainnav.js
FN:0,_interopRequireDefault
FN:6,Nav
FN:7,_gotoprofile
FN:10,_logout
FN:41,(anonymous_5)
FN:46,(anonymous_6)
FN:48,gotoprofile
FN:49,logout
FNF:8
FNH:1
FNDA:1,_interopRequireDefault
FNDA:0,Nav
FNDA:0,_gotoprofile
FNDA:0,_logout
FNDA:0,(anonymous_5)
FNDA:0,(anonymous_6)
FNDA:0,gotoprofile
FNDA:0,logout
DA:0,1
DA:1,1
DA:2,1
DA:3,1
DA:4,1
DA:6,1
DA:7,0
DA:8,0
DA:10,0
DA:14,0
DA:40,1
DA:42,0
DA:47,0
DA:48,0
DA:49,0
LF:15
LH:7
BRDA:0,1,0,0
BRDA:0,1,1,1
BRDA:0,2,0,1
BRDA:0,2,1,1
BRDA:43,3,0,0
BRDA:43,3,1,0
BRF:6
BRH:4
end_of_record
TN:
SF:E:\Rice\secondterm\COMP531\hw6\frontend\src\components\main\followingAction.js
FN:0,_interopRequireDefault
FN:5,gotoProfile
FN:9,addFollower
FN:12,(anonymous_4)
FN:13,(anonymous_5)
FN:17,(anonymous_6)
FN:20,(anonymous_7)
FN:25,(anonymous_8)
FN:29,(anonymous_9)
FN:33,(anonymous_10)
FN:37,(anonymous_11)
FN:42,removeFollower
FN:43,(anonymous_13)
FN:45,(anonymous_14)
FN:49,(anonymous_15)
FN:54,updateHeadline
FN:57,(anonymous_17)
FN:59,(anonymous_18)
FN:62,(anonymous_19)
FNF:19
FNH:5
FNDA:1,_interopRequireDefault
FNDA:1,gotoProfile
FNDA:0,addFollower
FNDA:0,(anonymous_4)
FNDA:0,(anonymous_5)
FNDA:0,(anonymous_6)
FNDA:0,(anonymous_7)
FNDA:0,(anonymous_8)
FNDA:0,(anonymous_9)
FNDA:0,(anonymous_10)
FNDA:0,(anonymous_11)
FNDA:0,removeFollower
FNDA:0,(anonymous_13)
FNDA:0,(anonymous_14)
FNDA:0,(anonymous_15)
FNDA:1,updateHeadline
FNDA:1,(anonymous_17)
FNDA:1,(anonymous_18)
FNDA:0,(anonymous_19)
DA:0,1
DA:1,1
DA:2,1
DA:3,1
DA:5,1
DA:6,1
DA:9,1
DA:10,0
DA:11,0
DA:12,0
DA:13,0
DA:14,0
DA:15,0
DA:16,0
DA:18,0
DA:19,0
DA:21,0
DA:22,0
DA:24,0
DA:26,0
DA:27,0
DA:30,0
DA:34,0
DA:38,0
DA:42,1
DA:43,0
DA:44,0
DA:46,0
DA:47,0
DA:50,0
DA:54,1
DA:55,1
DA:56,0
DA:57,1
DA:58,1
DA:60,1
DA:63,0
LF:37
LH:13
BRDA:0,1,0,1
BRDA:0,1,1,0
BRDA:0,2,0,1
BRDA:0,2,1,1
BRDA:10,3,0,0
BRDA:10,3,1,0
BRDA:14,4,0,0
BRDA:14,4,1,0
BRDA:16,5,0,0
BRDA:16,5,1,0
BRDA:19,6,0,0
BRDA:19,6,1,0
BRDA:24,7,0,0
BRDA:24,7,1,0
BRDA:44,8,0,0
BRDA:44,8,1,0
BRDA:55,9,0,0
BRDA:55,9,1,1
BRF:18
BRH:5
end_of_record
TN:
SF:E:\Rice\secondterm\COMP531\hw6\frontend\src\components\auth\authAction.js
FN:0,_interopRequireDefault
FN:3,localLogin
FN:15,(anonymous_3)
FN:17,(anonymous_4)
FN:23,(anonymous_5)
FN:30,fetchArticles
FN:31,(anonymous_7)
FN:33,(anonymous_8)
FN:36,(anonymous_9)
FN:42,fetchFollowers
FN:43,(anonymous_11)
FN:45,(anonymous_12)
FN:47,(anonymous_13)
FN:49,(anonymous_14)
FN:55,fetchOne
FN:56,(anonymous_16)
FN:58,(anonymous_17)
FN:61,(anonymous_18)
FN:67,(anonymous_19)
FN:71,(anonymous_20)
FN:77,fetchProfile
FN:78,(anonymous_22)
FN:87,fetchData
FN:88,(anonymous_24)
FN:90,(anonymous_25)
FN:106,(anonymous_26)
FN:112,doRegister
FN:184,(anonymous_28)
FN:186,(anonymous_29)
FN:189,(anonymous_30)
FN:195,agevalid
FNF:31
FNH:13
FNDA:1,_interopRequireDefault
FNDA:2,localLogin
FNDA:2,(anonymous_3)
FNDA:1,(anonymous_4)
FNDA:2,(anonymous_5)
FNDA:2,fetchArticles
FNDA:1,(anonymous_7)
FNDA:1,(anonymous_8)
FNDA:0,(anonymous_9)
FNDA:0,fetchFollowers
FNDA:0,(anonymous_11)
FNDA:0,(anonymous_12)
FNDA:0,(anonymous_13)
FNDA:0,(anonymous_14)
FNDA:0,fetchOne
FNDA:0,(anonymous_16)
FNDA:0,(anonymous_17)
FNDA:0,(anonymous_18)
FNDA:0,(anonymous_19)
FNDA:0,(anonymous_20)
FNDA:1,fetchProfile
FNDA:1,(anonymous_22)
FNDA:5,fetchData
FNDA:5,(anonymous_24)
FNDA:5,(anonymous_25)
FNDA:0,(anonymous_26)
FNDA:0,doRegister
FNDA:0,(anonymous_28)
FNDA:0,(anonymous_29)
FNDA:0,(anonymous_30)
FNDA:0,agevalid
DA:0,1
DA:1,1
DA:3,1
DA:4,2
DA:6,0
DA:7,0
DA:9,2
DA:11,0
DA:12,0
DA:15,2
DA:16,2
DA:18,1
DA:19,1
DA:20,0
DA:21,0
DA:24,2
DA:30,1
DA:31,2
DA:32,1
DA:34,1
DA:37,0
DA:42,1
DA:43,0
DA:44,0
DA:47,0
DA:50,0
DA:55,1
DA:56,0
DA:57,0
DA:59,0
DA:60,0
DA:62,0
DA:63,0
DA:64,0
DA:65,0
DA:68,0
DA:72,0
DA:77,1
DA:78,1
DA:79,1
DA:80,1
DA:81,1
DA:82,1
DA:83,1
DA:87,1
DA:88,5
DA:90,5
DA:91,5
DA:92,5
DA:94,1
DA:96,1
DA:98,1
DA:100,1
DA:102,1
DA:104,5
DA:107,0
DA:112,1
DA:114,0
DA:116,0
DA:118,0
DA:120,0
DA:122,0
DA:123,0
DA:124,0
DA:127,0
DA:128,0
DA:129,0
DA:132,0
DA:133,0
DA:134,0
DA:137,0
DA:138,0
DA:139,0
DA:142,0
DA:143,0
DA:144,0
DA:147,0
DA:148,0
DA:149,0
DA:152,0
DA:153,0
DA:154,0
DA:157,0
DA:158,0
DA:159,0
DA:162,0
DA:163,0
DA:164,0
DA:167,0
DA:168,0
DA:169,0
DA:172,0
DA:173,0
DA:174,0
DA:177,0
DA:178,0
DA:179,0
DA:182,0
DA:183,0
DA:184,0
DA:185,0
DA:187,0
DA:190,0
DA:195,1
DA:196,0
DA:197,0
DA:198,0
DA:199,0
DA:200,0
DA:201,0
DA:202,0
DA:203,0
DA:205,0
DA:206,0
DA:207,0
DA:208,0
DA:209,0
DA:210,0
LF:118
LH:36
BRDA:0,1,0,1
BRDA:0,1,1,0
BRDA:0,2,0,1
BRDA:0,2,1,1
BRDA:4,3,0,0
BRDA:4,3,1,2
BRDA:9,4,0,0
BRDA:9,4,1,2
BRDA:44,5,0,0
BRDA:44,5,1,0
BRDA:57,6,0,0
BRDA:57,6,1,0
BRDA:60,7,0,0
BRDA:60,7,1,0
BRDA:93,8,0,1
BRDA:93,8,1,1
BRDA:93,8,2,1
BRDA:93,8,3,1
BRDA:93,8,4,1
BRDA:122,9,0,0
BRDA:122,9,1,0
BRDA:127,10,0,0
BRDA:127,10,1,0
BRDA:132,11,0,0
BRDA:132,11,1,0
BRDA:137,12,0,0
BRDA:137,12,1,0
BRDA:142,13,0,0
BRDA:142,13,1,0
BRDA:147,14,0,0
BRDA:147,14,1,0
BRDA:152,15,0,0
BRDA:152,15,1,0
BRDA:157,16,0,0
BRDA:157,16,1,0
BRDA:162,17,0,0
BRDA:162,17,1,0
BRDA:167,18,0,0
BRDA:167,18,1,0
BRDA:172,19,0,0
BRDA:172,19,1,0
BRDA:177,20,0,0
BRDA:177,20,1,0
BRDA:205,21,0,0
BRDA:205,21,1,0
BRDA:206,22,0,0
BRDA:206,22,1,0
BRDA:207,23,0,0
BRDA:207,23,1,0
BRDA:208,24,0,0
BRDA:208,24,1,0
BRDA:209,25,0,0
BRDA:209,25,1,0
BRF:53
BRH:11
end_of_record
TN:
SF:E:\Rice\secondterm\COMP531\hw6\frontend\src\components\profile\profileAction.js
FN:0,_interopRequireDefault
FN:3,gotoMain
FN:6,logOut
FN:10,updateProfile
FN:44,(anonymous_5)
FN:59,validate
FN:68,updateData
FN:71,(anonymous_8)
FN:75,(anonymous_9)
FN:84,(anonymous_10)
FN:90,updateAvatar
FN:91,(anonymous_12)
FN:92,(anonymous_13)
FN:95,(anonymous_14)
FNF:14
FNH:3
FNDA:1,_interopRequireDefault
FNDA:1,gotoMain
FNDA:1,logOut
FNDA:0,updateProfile
FNDA:0,(anonymous_5)
FNDA:0,validate
FNDA:0,updateData
FNDA:0,(anonymous_8)
FNDA:0,(anonymous_9)
FNDA:0,(anonymous_10)
FNDA:0,updateAvatar
FNDA:0,(anonymous_12)
FNDA:0,(anonymous_13)
FNDA:0,(anonymous_14)
DA:0,1
DA:1,1
DA:3,1
DA:4,1
DA:6,1
DA:7,1
DA:10,1
DA:12,0
DA:14,0
DA:16,0
DA:18,0
DA:20,0
DA:21,0
DA:22,0
DA:25,0
DA:26,0
DA:27,0
DA:30,0
DA:31,0
DA:32,0
DA:35,0
DA:36,0
DA:37,0
DA:40,0
DA:41,0
DA:42,0
DA:44,0
DA:45,0
DA:46,0
DA:47,0
DA:48,0
DA:49,0
DA:50,0
DA:51,0
DA:52,0
DA:53,0
DA:54,0
DA:55,0
DA:56,0
DA:59,1
DA:60,0
DA:61,0
DA:62,0
DA:65,0
DA:68,1
DA:69,0
DA:70,0
DA:71,0
DA:72,0
DA:73,0
DA:74,0
DA:75,0
DA:76,0
DA:77,0
DA:80,0
DA:82,0
DA:85,0
DA:90,1
DA:91,0
DA:92,0
DA:93,0
DA:96,0
LF:62
LH:10
BRDA:0,1,0,1
BRDA:0,1,1,0
BRDA:0,2,0,1
BRDA:0,2,1,1
BRDA:20,3,0,0
BRDA:20,3,1,0
BRDA:25,4,0,0
BRDA:25,4,1,0
BRDA:30,5,0,0
BRDA:30,5,1,0
BRDA:35,6,0,0
BRDA:35,6,1,0
BRDA:40,7,0,0
BRDA:40,7,1,0
BRDA:45,8,0,0
BRDA:45,8,1,0
BRDA:47,9,0,0
BRDA:47,9,1,0
BRDA:49,10,0,0
BRDA:49,10,1,0
BRDA:51,11,0,0
BRDA:51,11,1,0
BRDA:53,12,0,0
BRDA:53,12,1,0
BRDA:55,13,0,0
BRDA:55,13,1,0
BRDA:60,14,0,0
BRDA:60,14,1,0
BRDA:61,15,0,0
BRDA:61,15,1,0
BRDA:69,16,0,0
BRDA:69,16,1,0
BRDA:72,17,0,0
BRDA:72,17,1,0
BRDA:76,18,0,0
BRDA:76,18,1,0
BRF:36
BRH:4
end_of_record
TN:
SF:E:\Rice\secondterm\COMP531\hw6\frontend\src\components\main\headline.js
FN:0,_interopRequireDefault
FN:5,Headline
FN:7,_update
FN:18,ref
FN:28,(anonymous_5)
FN:33,(anonymous_6)
FN:35,update
FNF:7
FNH:1
FNDA:1,_interopRequireDefault
FNDA:0,Headline
FNDA:0,_update
FNDA:0,ref
FNDA:0,(anonymous_5)
FNDA:0,(anonymous_6)
FNDA:0,update
DA:0,1
DA:1,1
DA:2,1
DA:3,1
DA:5,1
DA:6,0
DA:7,0
DA:8,0
DA:9,0
DA:12,0
DA:18,0
DA:27,1
DA:29,0
DA:34,0
DA:35,0
LF:15
LH:6
BRDA:0,1,0,0
BRDA:0,1,1,1
BRDA:0,2,0,1
BRDA:0,2,1,1
BRDA:30,3,0,0
BRDA:30,3,1,0
BRF:6
BRH:4
end_of_record
TN:
SF:E:\Rice\secondterm\COMP531\hw6\frontend\src\components\main\following.js
FN:0,_interopRequireDefault
FN:6,Following
FN:8,_add
FN:17,(anonymous_4)
FN:25,ref
FN:31,(anonymous_6)
FN:37,(anonymous_7)
FN:39,add
FNF:8
FNH:1
FNDA:2,_interopRequireDefault
FNDA:0,Following
FNDA:0,_add
FNDA:0,(anonymous_4)
FNDA:0,ref
FNDA:0,(anonymous_6)
FNDA:0,(anonymous_7)
FNDA:0,add
DA:0,2
DA:1,1
DA:2,1
DA:3,1
DA:4,1
DA:6,1
DA:7,0
DA:8,0
DA:9,0
DA:10,0
DA:13,0
DA:17,0
DA:18,0
DA:25,0
DA:31,1
DA:32,0
DA:38,0
DA:39,0
LF:18
LH:7
BRDA:0,1,0,1
BRDA:0,1,1,1
BRDA:0,2,0,2
BRDA:0,2,1,2
BRDA:33,3,0,0
BRDA:33,3,1,0
BRF:6
BRH:4
end_of_record
TN:
SF:E:\Rice\secondterm\COMP531\hw6\frontend\src\components\main\follower.js
FN:0,_interopRequireDefault
FN:5,Follower
FN:6,_remove
FN:26,(anonymous_4)
FN:27,remove
FNF:5
FNH:1
FNDA:1,_interopRequireDefault
FNDA:0,Follower
FNDA:0,_remove
FNDA:0,(anonymous_4)
FNDA:0,remove
DA:0,1
DA:1,1
DA:2,1
DA:3,1
DA:5,1
DA:6,0
DA:7,0
DA:10,0
DA:26,1
DA:28,0
LF:10
LH:6
BRDA:0,1,0,0
BRDA:0,1,1,1
BRDA:0,2,0,1
BRDA:0,2,1,1
BRF:4
BRH:4
end_of_record
TN:
SF:E:\Rice\secondterm\COMP531\hw6\frontend\src\components\article\articleView.js
FN:0,_interopRequireDefault
FN:6,ArticleView
FN:10,(anonymous_3)
FN:18,(anonymous_4)
FNF:4
FNH:1
FNDA:2,_interopRequireDefault
FNDA:0,ArticleView
FNDA:0,(anonymous_3)
FNDA:0,(anonymous_4)
DA:0,2
DA:1,1
DA:2,1
DA:3,1
DA:4,1
DA:6,1
DA:8,0
DA:10,0
DA:11,0
DA:17,1
DA:19,0
LF:11
LH:7
BRDA:0,1,0,1
BRDA:0,1,1,1
BRDA:0,2,0,2
BRDA:0,2,1,2
BRF:4
BRH:4
end_of_record
TN:
SF:E:\Rice\secondterm\COMP531\hw6\frontend\src\components\article\article.js
FN:0,_interopRequireDefault
FN:7,Article
FN:9,_addComment
FN:12,_editArticle
FN:26,onChange
FN:32,ref
FN:36,(anonymous_7)
FN:49,onChange
FN:55,ref
FN:59,(anonymous_10)
FN:69,(anonymous_11)
FN:74,(anonymous_12)
FN:76,addComment
FN:77,editArticle
FNF:14
FNH:1
FNDA:2,_interopRequireDefault
FNDA:0,Article
FNDA:0,_addComment
FNDA:0,_editArticle
FNDA:0,onChange
FNDA:0,ref
FNDA:0,(anonymous_7)
FNDA:0,onChange
FNDA:0,ref
FNDA:0,(anonymous_10)
FNDA:0,(anonymous_11)
FNDA:0,(anonymous_12)
FNDA:0,addComment
FNDA:0,editArticle
DA:0,2
DA:1,1
DA:2,1
DA:3,1
DA:4,1
DA:5,1
DA:7,1
DA:8,0
DA:9,0
DA:10,0
DA:12,0
DA:13,0
DA:15,0
DA:26,0
DA:32,0
DA:36,0
DA:37,0
DA:49,0
DA:55,0
DA:59,0
DA:60,0
DA:68,1
DA:70,0
DA:75,0
DA:76,0
DA:77,0
LF:26
LH:8
BRDA:0,1,0,1
BRDA:0,1,1,1
BRDA:0,2,0,2
BRDA:0,2,1,2
BRDA:17,3,0,0
BRDA:17,3,1,0
BRDA:71,4,0,0
BRDA:71,4,1,0
BRF:8
BRH:4
end_of_record
TN:
SF:E:\Rice\secondterm\COMP531\hw6\frontend\src\components\article\comment.js
FN:0,_interopRequireDefault
FN:5,Comment
FN:7,_editComment
FN:23,onChange
FN:30,(anonymous_5)
FN:35,(anonymous_6)
FN:37,editComment
FNF:7
FNH:1
FNDA:1,_interopRequireDefault
FNDA:0,Comment
FNDA:0,_editComment
FNDA:0,onChange
FNDA:0,(anonymous_5)
FNDA:0,(anonymous_6)
FNDA:0,editComment
DA:0,1
DA:1,1
DA:2,1
DA:3,1
DA:4,1
DA:5,1
DA:6,0
DA:7,0
DA:8,0
DA:11,0
DA:23,0
DA:29,1
DA:31,0
DA:36,0
DA:37,0
LF:15
LH:7
BRDA:0,1,0,0
BRDA:0,1,1,1
BRDA:0,2,0,1
BRDA:0,2,1,1
BRDA:15,3,0,0
BRDA:15,3,1,0
BRDA:32,4,0,0
BRDA:32,4,1,0
BRF:8
BRH:4
end_of_record
TN:
SF:E:\Rice\secondterm\COMP531\hw6\frontend\src\components\article\articleActions.js
FN:0,_interopRequireDefault
FN:3,addArticle
FN:4,(anonymous_3)
FN:6,(anonymous_4)
FN:9,(anonymous_5)
FN:14,addCom
FN:17,(anonymous_7)
FN:19,(anonymous_8)
FN:22,(anonymous_9)
FN:27,editArt
FN:30,(anonymous_11)
FN:32,(anonymous_12)
FN:35,(anonymous_13)
FN:40,editCom
FN:43,(anonymous_15)
FN:45,(anonymous_16)
FN:48,(anonymous_17)
FNF:17
FNH:4
FNDA:1,_interopRequireDefault
FNDA:1,addArticle
FNDA:1,(anonymous_3)
FNDA:1,(anonymous_4)
FNDA:0,(anonymous_5)
FNDA:0,addCom
FNDA:0,(anonymous_7)
FNDA:0,(anonymous_8)
FNDA:0,(anonymous_9)
FNDA:0,editArt
FNDA:0,(anonymous_11)
FNDA:0,(anonymous_12)
FNDA:0,(anonymous_13)
FNDA:0,editCom
FNDA:0,(anonymous_15)
FNDA:0,(anonymous_16)
FNDA:0,(anonymous_17)
DA:0,1
DA:1,1
DA:3,1
DA:4,1
DA:5,1
DA:7,1
DA:10,0
DA:14,1
DA:15,0
DA:16,0
DA:17,0
DA:18,0
DA:20,0
DA:23,0
DA:27,1
DA:28,0
DA:29,0
DA:30,0
DA:31,0
DA:33,0
DA:36,0
DA:40,1
DA:41,0
DA:42,0
DA:43,0
DA:44,0
DA:46,0
DA:49,0
LF:28
LH:9
BRDA:0,1,0,1
BRDA:0,1,1,0
BRDA:0,2,0,1
BRDA:0,2,1,1
BRDA:3,3,0,0
BRDA:3,3,1,1
BRDA:3,4,0,1
BRDA:3,4,1,0
BRDA:15,5,0,0
BRDA:15,5,1,0
BRDA:28,6,0,0
BRDA:28,6,1,0
BRDA:28,7,0,0
BRDA:28,7,1,0
BRDA:41,8,0,0
BRDA:41,8,1,0
BRDA:41,9,0,0
BRDA:41,9,1,0
BRF:18
BRH:6
end_of_record
TN:
SF:E:\Rice\secondterm\COMP531\hw6\frontend\src\components\main\filterArticle.js
FN:6,filterArticles
FN:9,(anonymous_2)
FN:15,searchArticle
FNF:3
FNH:3
FNDA:1,filterArticles
FNDA:3,(anonymous_2)
FNDA:1,searchArticle
DA:0,1
DA:1,1
DA:6,1
DA:7,1
DA:9,3
DA:12,0
DA:15,1
DA:16,1
DA:17,1
LF:9
LH:8
BRDA:8,1,0,1
BRDA:8,1,1,0
BRDA:8,1,2,0
BRDA:9,2,0,3
BRDA:9,2,1,2
BRF:5
BRH:4
end_of_record
TN:
SF:E:\Rice\secondterm\COMP531\hw6\frontend\src\components\article\newarticle.js
FN:0,_interopRequireDefault
FN:5,NewArticle
FN:10,_add
FN:21,_upload
FN:24,_cancle
FN:29,_chooseImg
FN:35,onChange
FN:39,ref
FN:44,(anonymous_9)
FN:49,(anonymous_10)
FN:51,add
FNF:11
FNH:1
FNDA:1,_interopRequireDefault
FNDA:0,NewArticle
FNDA:0,_add
FNDA:0,_upload
FNDA:0,_cancle
FNDA:0,_chooseImg
FNDA:0,onChange
FNDA:0,ref
FNDA:0,(anonymous_9)
FNDA:0,(anonymous_10)
FNDA:0,add
DA:0,1
DA:1,1
DA:2,1
DA:3,1
DA:5,1
DA:6,0
DA:7,0
DA:8,0
DA:9,0
DA:10,0
DA:11,0
DA:12,0
DA:13,0
DA:14,0
DA:15,0
DA:17,0
DA:21,0
DA:22,0
DA:24,0
DA:25,0
DA:26,0
DA:27,0
DA:29,0
DA:30,0
DA:33,0
DA:35,0
DA:39,0
DA:43,1
DA:45,0
DA:50,0
DA:51,0
LF:31
LH:6
BRDA:0,1,0,0
BRDA:0,1,1,1
BRDA:0,2,0,1
BRDA:0,2,1,1
BRDA:11,3,0,0
BRDA:11,3,1,0
BRDA:14,4,0,0
BRDA:14,4,1,0
BRDA:46,5,0,0
BRDA:46,5,1,0
BRF:10
BRH:4
end_of_record
TN:
SF:E:\Rice\secondterm\COMP531\hw6\frontend\src\components\main\favorite.js
FN:0,(anonymous_1)
FN:0,defineProperties
FN:0,(anonymous_3)
FN:0,_interopRequireDefault
FN:0,_classCallCheck
FN:0,_possibleConstructorReturn
FN:0,_inherits
FN:0,(anonymous_8)
FN:0,Favorite
FN:5,render
FNF:10
FNH:9
FNDA:1,(anonymous_1)
FNDA:1,defineProperties
FNDA:1,(anonymous_3)
FNDA:1,_interopRequireDefault
FNDA:0,_classCallCheck
FNDA:0,_possibleConstructorReturn
FNDA:1,_inherits
FNDA:1,(anonymous_8)
FNDA:0,Favorite
FNDA:0,render
DA:0,1
DA:1,1
DA:2,1
DA:4,1
DA:7,0
DA:40,1
LF:6
LH:5
BRDA:0,1,0,1
BRDA:0,1,1,1
BRDA:0,2,0,1
BRDA:0,2,1,0
BRDA:0,3,0,1
BRDA:0,3,1,0
BRDA:0,4,0,0
BRDA:0,4,1,1
BRDA:0,5,0,0
BRDA:0,5,1,1
BRDA:0,6,0,1
BRDA:0,6,1,1
BRDA:0,7,0,0
BRDA:0,7,1,0
BRDA:0,8,0,0
BRDA:0,8,1,0
BRDA:0,9,0,0
BRDA:0,9,1,0
BRDA:0,10,0,0
BRDA:0,10,1,0
BRDA:0,10,2,0
BRDA:0,11,0,0
BRDA:0,11,1,1
BRDA:0,12,0,1
BRDA:0,12,1,0
BRDA:0,13,0,1
BRDA:0,13,1,1
BRDA:0,14,0,1
BRDA:0,14,1,0
BRDA:0,15,0,1
BRDA:0,15,1,0
BRDA:0,16,0,0
BRDA:0,16,1,0
BRF:33
BRH:33
end_of_record
TN:
SF:E:\Rice\secondterm\COMP531\hw6\frontend\src\components\auth\landing.js
FN:0,_interopRequireDefault
FN:7,Landing
FN:33,(anonymous_3)
FNF:3
FNH:1
FNDA:4,_interopRequireDefault
FNDA:0,Landing
FNDA:0,(anonymous_3)
DA:0,4
DA:1,1
DA:2,1
DA:3,1
DA:4,1
DA:5,1
DA:7,1
DA:9,0
DA:32,1
DA:34,0
LF:10
LH:8
BRDA:0,1,0,3
BRDA:0,1,1,1
BRDA:0,2,0,4
BRDA:0,2,1,4
BRF:4
BRH:4
end_of_record
TN:
SF:E:\Rice\secondterm\COMP531\hw6\frontend\src\components\auth\login.js
FN:0,_interopRequireDefault
FN:5,Login
FN:8,_login
FN:15,ref
FN:19,ref
FN:27,(anonymous_6)
FN:28,login
FNF:7
FNH:1
FNDA:1,_interopRequireDefault
FNDA:0,Login
FNDA:0,_login
FNDA:0,ref
FNDA:0,ref
FNDA:0,(anonymous_6)
FNDA:0,login
DA:0,1
DA:1,1
DA:2,1
DA:3,1
DA:5,1
DA:6,0
DA:7,0
DA:8,0
DA:9,0
DA:12,0
DA:15,0
DA:19,0
DA:27,1
DA:29,0
LF:14
LH:6
BRDA:0,1,0,0
BRDA:0,1,1,1
BRDA:0,2,0,1
BRDA:0,2,1,1
BRF:4
BRH:4
end_of_record
TN:
SF:E:\Rice\secondterm\COMP531\hw6\frontend\src\components\auth\register.js
FN:0,_interopRequireDefault
FN:5,Register
FN:14,_register
FN:17,_clear
FN:31,ref
FN:34,ref
FN:38,ref
FN:41,ref
FN:45,ref
FN:48,ref
FN:52,ref
FN:55,ref
FN:71,(anonymous_13)
FN:72,register
FNF:14
FNH:1
FNDA:1,_interopRequireDefault
FNDA:0,Register
FNDA:0,_register
FNDA:0,_clear
FNDA:0,ref
FNDA:0,ref
FNDA:0,ref
FNDA:0,ref
FNDA:0,ref
FNDA:0,ref
FNDA:0,ref
FNDA:0,ref
FNDA:0,(anonymous_13)
FNDA:0,register
DA:0,1
DA:1,1
DA:2,1
DA:3,1
DA:5,1
DA:6,0
DA:7,0
DA:8,0
DA:9,0
DA:10,0
DA:11,0
DA:12,0
DA:13,0
DA:14,0
DA:15,0
DA:17,0
DA:18,0
DA:19,0
DA:20,0
DA:21,0
DA:22,0
DA:23,0
DA:24,0
DA:25,0
DA:28,0
DA:31,0
DA:34,0
DA:38,0
DA:41,0
DA:45,0
DA:48,0
DA:52,0
DA:55,0
DA:71,1
DA:73,0
LF:35
LH:6
BRDA:0,1,0,0
BRDA:0,1,1,1
BRDA:0,2,0,1
BRDA:0,2,1,1
BRF:4
BRH:4
end_of_record
TN:
SF:E:\Rice\secondterm\COMP531\hw6\frontend\src\components\auth\landnav.js
FN:0,(anonymous_1)
FN:0,defineProperties
FN:0,(anonymous_3)
FN:0,_interopRequireDefault
FN:0,_classCallCheck
FN:0,_possibleConstructorReturn
FN:0,_inherits
FN:0,(anonymous_8)
FN:0,Nav
FN:5,render
FNF:10
FNH:9
FNDA:1,(anonymous_1)
FNDA:1,defineProperties
FNDA:1,(anonymous_3)
FNDA:1,_interopRequireDefault
FNDA:0,_classCallCheck
FNDA:0,_possibleConstructorReturn
FNDA:1,_inherits
FNDA:1,(anonymous_8)
FNDA:0,Nav
FNDA:0,render
DA:0,1
DA:1,1
DA:2,1
DA:4,1
DA:7,0
DA:23,1
LF:6
LH:5
BRDA:0,1,0,1
BRDA:0,1,1,1
BRDA:0,2,0,1
BRDA:0,2,1,0
BRDA:0,3,0,1
BRDA:0,3,1,0
BRDA:0,4,0,0
BRDA:0,4,1,1
BRDA:0,5,0,0
BRDA:0,5,1,1
BRDA:0,6,0,1
BRDA:0,6,1,1
BRDA:0,7,0,0
BRDA:0,7,1,0
BRDA:0,8,0,0
BRDA:0,8,1,0
BRDA:0,9,0,0
BRDA:0,9,1,0
BRDA:0,10,0,0
BRDA:0,10,1,0
BRDA:0,10,2,0
BRDA:0,11,0,0
BRDA:0,11,1,1
BRDA:0,12,0,1
BRDA:0,12,1,0
BRDA:0,13,0,1
BRDA:0,13,1,1
BRDA:0,14,0,1
BRDA:0,14,1,0
BRDA:0,15,0,1
BRDA:0,15,1,0
BRDA:0,16,0,0
BRDA:0,16,1,0
BRF:33
BRH:33
end_of_record
TN:
SF:E:\Rice\secondterm\COMP531\hw6\frontend\src\components\profile\profile.js
FN:0,_interopRequireDefault
FN:8,Profile
FN:32,(anonymous_3)
FNF:3
FNH:1
FNDA:5,_interopRequireDefault
FNDA:0,Profile
FNDA:0,(anonymous_3)
DA:0,5
DA:1,1
DA:2,1
DA:3,1
DA:4,1
DA:5,1
DA:6,1
DA:8,1
DA:10,0
DA:31,1
DA:33,0
LF:11
LH:9
BRDA:0,1,0,4
BRDA:0,1,1,1
BRDA:0,2,0,5
BRDA:0,2,1,5
BRF:4
BRH:4
end_of_record
TN:
SF:E:\Rice\secondterm\COMP531\hw6\frontend\src\components\profile\profileForm.js
FN:0,_interopRequireDefault
FN:5,ProfileForm
FN:13,_update
FN:27,ref
FN:28,ref
FN:29,ref
FN:30,ref
FN:31,ref
FN:32,ref
FN:33,ref
FN:40,(anonymous_11)
FN:45,(anonymous_12)
FN:47,update
FNF:13
FNH:1
FNDA:1,_interopRequireDefault
FNDA:0,ProfileForm
FNDA:0,_update
FNDA:0,ref
FNDA:0,ref
FNDA:0,ref
FNDA:0,ref
FNDA:0,ref
FNDA:0,ref
FNDA:0,ref
FNDA:0,(anonymous_11)
FNDA:0,(anonymous_12)
FNDA:0,update
DA:0,1
DA:1,1
DA:2,1
DA:3,1
DA:5,1
DA:6,0
DA:7,0
DA:8,0
DA:9,0
DA:10,0
DA:11,0
DA:12,0
DA:13,0
DA:14,0
DA:15,0
DA:16,0
DA:17,0
DA:18,0
DA:19,0
DA:20,0
DA:21,0
DA:24,0
DA:27,0
DA:28,0
DA:29,0
DA:30,0
DA:31,0
DA:32,0
DA:33,0
DA:39,1
DA:41,0
DA:46,0
DA:47,0
LF:33
LH:6
BRDA:0,1,0,0
BRDA:0,1,1,1
BRDA:0,2,0,1
BRDA:0,2,1,1
BRDA:42,3,0,0
BRDA:42,3,1,0
BRF:6
BRH:4
end_of_record
TN:
SF:E:\Rice\secondterm\COMP531\hw6\frontend\src\components\profile\profileInfo.js
FN:0,_interopRequireDefault
FN:4,ProfileInfo
FN:27,(anonymous_3)
FNF:3
FNH:1
FNDA:1,_interopRequireDefault
FNDA:0,ProfileInfo
FNDA:0,(anonymous_3)
DA:0,1
DA:1,1
DA:2,1
DA:4,1
DA:6,0
DA:26,1
DA:28,0
LF:7
LH:5
BRDA:0,1,0,0
BRDA:0,1,1,1
BRDA:0,2,0,1
BRDA:0,2,1,1
BRDA:29,3,0,0
BRDA:29,3,1,0
BRF:6
BRH:4
end_of_record
TN:
SF:E:\Rice\secondterm\COMP531\hw6\frontend\src\components\profile\avatar.js
FN:0,_interopRequireDefault
FN:5,Avatar
FN:7,_chooseImg
FN:20,onClick
FN:23,onChange
FN:34,(anonymous_6)
FN:39,(anonymous_7)
FN:41,updateAva
FNF:8
FNH:1
FNDA:1,_interopRequireDefault
FNDA:0,Avatar
FNDA:0,_chooseImg
FNDA:0,onClick
FNDA:0,onChange
FNDA:0,(anonymous_6)
FNDA:0,(anonymous_7)
FNDA:0,updateAva
DA:0,1
DA:1,1
DA:2,1
DA:3,1
DA:5,1
DA:6,0
DA:7,0
DA:8,0
DA:9,0
DA:10,0
DA:11,0
DA:15,0
DA:20,0
DA:23,0
DA:33,1
DA:35,0
DA:40,0
DA:41,0
LF:18
LH:6
BRDA:0,1,0,0
BRDA:0,1,1,1
BRDA:0,2,0,1
BRDA:0,2,1,1
BRDA:8,3,0,0
BRDA:8,3,1,0
BRDA:36,4,0,0
BRDA:36,4,1,0
BRF:8
BRH:4
end_of_record
TN:
SF:E:\Rice\secondterm\COMP531\hw6\frontend\src\components\profile\pronav.js
FN:0,_interopRequireDefault
FN:5,Nav
FN:6,_gotomain
FN:9,_logout
FN:40,(anonymous_5)
FN:45,(anonymous_6)
FN:47,gotomain
FN:48,logout
FNF:8
FNH:1
FNDA:1,_interopRequireDefault
FNDA:0,Nav
FNDA:0,_gotomain
FNDA:0,_logout
FNDA:0,(anonymous_5)
FNDA:0,(anonymous_6)
FNDA:0,gotomain
FNDA:0,logout
DA:0,1
DA:1,1
DA:2,1
DA:3,1
DA:5,1
DA:6,0
DA:7,0
DA:9,0
DA:13,0
DA:39,1
DA:41,0
DA:46,0
DA:47,0
DA:48,0
LF:14
LH:6
BRDA:0,1,0,0
BRDA:0,1,1,1
BRDA:0,2,0,1
BRDA:0,2,1,1
BRDA:42,3,0,0
BRDA:42,3,1,0
BRF:6
BRH:4
end_of_record
TN:
SF:E:\Rice\secondterm\COMP531\hw6\frontend\src\components\article\articleAction.spec.js
FN:0,_interopRequireDefault
FN:5,(anonymous_2)
FN:7,(anonymous_3)
FN:20,(anonymous_4)
FN:27,(anonymous_5)
FN:42,(anonymous_6)
FN:48,(anonymous_7)
FNF:7
FNH:7
FNDA:2,_interopRequireDefault
FNDA:1,(anonymous_2)
FNDA:2,(anonymous_3)
FNDA:2,(anonymous_4)
FNDA:1,(anonymous_5)
FNDA:1,(anonymous_6)
FNDA:1,(anonymous_7)
DA:0,2
DA:1,1
DA:2,1
DA:3,1
DA:5,1
DA:6,1
DA:7,1
DA:8,2
DA:9,0
DA:10,0
DA:11,0
DA:13,2
DA:14,2
DA:15,2
DA:16,2
DA:17,2
DA:20,1
DA:21,2
DA:22,0
DA:23,0
DA:27,1
DA:28,1
DA:36,1
DA:42,1
DA:43,1
DA:48,1
DA:49,1
DA:50,1
LF:28
LH:23
BRDA:0,1,0,0
BRDA:0,1,1,2
BRDA:0,2,0,2
BRDA:0,2,1,2
BRDA:8,3,0,0
BRDA:8,3,1,2
BRDA:21,4,0,0
BRDA:21,4,1,2
BRF:8
BRH:6
end_of_record
TN:
SF:E:\Rice\secondterm\COMP531\hw6\frontend\src\components\article\articleView.spec.js
FN:0,_interopRequireDefault
FN:15,(anonymous_2)
FN:17,(anonymous_3)
FN:29,(anonymous_4)
FN:36,(anonymous_5)
FN:51,(anonymous_6)
FN:59,(anonymous_7)
FN:80,(anonymous_8)
FNF:8
FNH:7
FNDA:8,_interopRequireDefault
FNDA:1,(anonymous_2)
FNDA:2,(anonymous_3)
FNDA:2,(anonymous_4)
FNDA:1,(anonymous_5)
FNDA:1,(anonymous_6)
FNDA:1,(anonymous_7)
FNDA:0,(anonymous_8)
DA:0,8
DA:1,1
DA:2,1
DA:3,1
DA:4,1
DA:5,1
DA:6,1
DA:7,1
DA:8,1
DA:9,1
DA:10,1
DA:11,1
DA:12,1
DA:13,1
DA:15,1
DA:16,1
DA:17,1
DA:18,2
DA:19,0
DA:20,0
DA:21,0
DA:23,2
DA:24,2
DA:25,2
DA:26,2
DA:29,1
DA:30,2
DA:31,0
DA:32,0
DA:36,1
DA:37,1
DA:45,1
DA:50,1
DA:52,1
DA:59,1
DA:60,1
DA:78,1
DA:79,1
DA:80,1
DA:81,0
DA:82,0
DA:83,0
LF:42
LH:34
BRDA:0,1,0,3
BRDA:0,1,1,5
BRDA:0,2,0,8
BRDA:0,2,1,8
BRDA:18,3,0,0
BRDA:18,3,1,2
BRDA:30,4,0,0
BRDA:30,4,1,2
BRF:8
BRH:6
end_of_record
TN:
SF:E:\Rice\secondterm\COMP531\hw6\frontend\src\reducers.js
FN:0,(anonymous_1)
FN:0,_interopRequireDefault
FN:0,_toConsumableArray
FN:3,Reducer
FN:48,(anonymous_5)
FN:152,(anonymous_6)
FN:158,(anonymous_7)
FNF:7
FNH:4
FNDA:0,(anonymous_1)
FNDA:1,_interopRequireDefault
FNDA:1,_toConsumableArray
FNDA:7,Reducer
FNDA:0,(anonymous_5)
FNDA:0,(anonymous_6)
FNDA:0,(anonymous_7)
DA:0,1
DA:1,1
DA:3,7
DA:14,7
DA:15,7
DA:18,1
DA:24,1
DA:30,0
DA:42,0
DA:47,0
DA:48,0
DA:52,0
DA:59,0
DA:61,0
DA:68,0
DA:70,0
DA:77,0
DA:79,0
DA:86,0
DA:88,0
DA:95,0
DA:97,0
DA:104,0
DA:107,0
DA:112,0
DA:117,1
DA:131,0
DA:138,1
DA:144,0
DA:151,0
DA:152,0
DA:157,0
DA:158,0
DA:163,0
DA:178,1
DA:184,2
DA:188,1
LF:37
LH:12
BRDA:0,1,0,1
BRDA:0,1,1,0
BRDA:0,2,0,0
BRDA:0,2,1,0
BRDA:0,3,0,1
BRDA:0,3,1,0
BRDA:0,4,0,1
BRDA:0,4,1,1
BRDA:0,5,0,1
BRDA:0,5,1,0
BRDA:3,6,0,0
BRDA:3,6,1,7
BRDA:3,7,0,7
BRDA:3,7,1,7
BRDA:16,8,0,1
BRDA:16,8,1,1
BRDA:16,8,2,0
BRDA:16,8,3,0
BRDA:16,8,4,0
BRDA:16,8,5,0
BRDA:16,8,6,0
BRDA:16,8,7,0
BRDA:16,8,8,0
BRDA:16,8,9,1
BRDA:16,8,10,0
BRDA:16,8,11,1
BRDA:16,8,12,0
BRDA:16,8,13,0
BRDA:16,8,14,0
BRDA:16,8,15,0
BRDA:16,8,16,1
BRDA:16,8,17,2
BRDA:48,9,0,0
BRDA:48,9,1,0
BRDA:59,10,0,0
BRDA:59,10,1,0
BRDA:68,11,0,0
BRDA:68,11,1,0
BRDA:77,12,0,0
BRDA:77,12,1,0
BRDA:86,13,0,0
BRDA:86,13,1,0
BRDA:95,14,0,0
BRDA:95,14,1,0
BRDA:158,15,0,0
BRDA:158,15,1,0
BRDA:166,16,0,0
BRDA:166,16,1,0
BRDA:167,17,0,0
BRDA:167,17,1,0
BRDA:168,18,0,0
BRDA:168,18,1,0
BRDA:169,19,0,0
BRDA:169,19,1,0
BRDA:170,20,0,0
BRDA:170,20,1,0
BRDA:171,21,0,0
BRDA:171,21,1,0
BRDA:172,22,0,0
BRDA:172,22,1,0
BRF:60
BRH:19
end_of_record
TN:
SF:E:\Rice\secondterm\COMP531\hw6\frontend\src\components\article\newArticle.js
FN:0,_interopRequireDefault
FN:5,NewArticle
FN:10,_add
FN:21,_upload
FN:24,_cancle
FN:29,_chooseImg
FN:35,onChange
FN:39,ref
FN:44,(anonymous_9)
FN:49,(anonymous_10)
FN:51,add
FNF:11
FNH:1
FNDA:1,_interopRequireDefault
FNDA:0,NewArticle
FNDA:0,_add
FNDA:0,_upload
FNDA:0,_cancle
FNDA:0,_chooseImg
FNDA:0,onChange
FNDA:0,ref
FNDA:0,(anonymous_9)
FNDA:0,(anonymous_10)
FNDA:0,add
DA:0,1
DA:1,1
DA:2,1
DA:3,1
DA:5,1
DA:6,0
DA:7,0
DA:8,0
DA:9,0
DA:10,0
DA:11,0
DA:12,0
DA:13,0
DA:14,0
DA:15,0
DA:17,0
DA:21,0
DA:22,0
DA:24,0
DA:25,0
DA:26,0
DA:27,0
DA:29,0
DA:30,0
DA:33,0
DA:35,0
DA:39,0
DA:43,1
DA:45,0
DA:50,0
DA:51,0
LF:31
LH:6
BRDA:0,1,0,0
BRDA:0,1,1,1
BRDA:0,2,0,1
BRDA:0,2,1,1
BRDA:11,3,0,0
BRDA:11,3,1,0
BRDA:14,4,0,0
BRDA:14,4,1,0
BRDA:46,5,0,0
BRDA:46,5,1,0
BRF:10
BRH:4
end_of_record
TN:
SF:E:\Rice\secondterm\COMP531\hw6\frontend\src\components\auth\authAction.spec.js
FN:0,_interopRequireDefault
FN:6,(anonymous_2)
FN:20,(anonymous_3)
FN:33,(anonymous_4)
FN:40,(anonymous_5)
FN:50,(anonymous_6)
FN:57,(anonymous_7)
FN:67,(anonymous_8)
FN:76,(anonymous_9)
FNF:9
FNH:9
FNDA:3,_interopRequireDefault
FNDA:1,(anonymous_2)
FNDA:3,(anonymous_3)
FNDA:3,(anonymous_4)
FNDA:1,(anonymous_5)
FNDA:1,(anonymous_6)
FNDA:1,(anonymous_7)
FNDA:3,(anonymous_8)
FNDA:1,(anonymous_9)
DA:0,3
DA:1,1
DA:2,1
DA:3,1
DA:4,1
DA:6,1
DA:7,1
DA:19,1
DA:20,1
DA:21,3
DA:22,0
DA:23,0
DA:24,0
DA:26,3
DA:27,3
DA:28,3
DA:29,3
DA:30,3
DA:33,1
DA:34,3
DA:35,0
DA:36,0
DA:40,1
DA:41,1
DA:42,1
DA:43,1
DA:49,1
DA:51,1
DA:57,1
DA:58,1
DA:59,1
DA:60,1
DA:66,1
DA:68,3
DA:69,1
DA:70,1
DA:76,1
DA:77,1
LF:38
LH:33
BRDA:0,1,0,1
BRDA:0,1,1,2
BRDA:0,2,0,3
BRDA:0,2,1,3
BRDA:21,3,0,0
BRDA:21,3,1,3
BRDA:34,4,0,0
BRDA:34,4,1,3
BRF:8
BRH:6
end_of_record
TN:
SF:E:\Rice\secondterm\COMP531\hw6\frontend\src\components\profile\profileAction.spec.js
FN:0,_interopRequireDefault
FN:5,(anonymous_2)
FN:7,(anonymous_3)
FN:20,(anonymous_4)
FN:27,(anonymous_5)
FN:63,(anonymous_6)
FN:63,(anonymous_7)
FN:88,(anonymous_8)
FN:99,(anonymous_9)
FNF:9
FNH:9
FNDA:2,_interopRequireDefault
FNDA:1,(anonymous_2)
FNDA:2,(anonymous_3)
FNDA:2,(anonymous_4)
FNDA:1,(anonymous_5)
FNDA:5,(anonymous_6)
FNDA:5,(anonymous_7)
FNDA:1,(anonymous_8)
FNDA:1,(anonymous_9)
DA:0,2
DA:1,1
DA:2,1
DA:3,1
DA:5,1
DA:6,1
DA:7,1
DA:8,2
DA:9,0
DA:10,0
DA:11,0
DA:13,2
DA:14,2
DA:15,2
DA:16,2
DA:17,2
DA:20,1
DA:21,2
DA:22,0
DA:23,0
DA:27,1
DA:29,1
DA:30,1
DA:31,1
DA:32,1
DA:33,1
DA:34,1
DA:39,1
DA:44,1
DA:49,1
DA:54,1
DA:60,1
DA:61,1
DA:63,5
DA:64,5
DA:65,1
DA:68,4
DA:69,1
DA:72,3
DA:73,1
DA:76,2
DA:77,1
DA:80,1
DA:81,1
DA:88,1
DA:89,1
DA:90,1
DA:98,1
DA:100,1
LF:49
LH:44
BRDA:0,1,0,0
BRDA:0,1,1,2
BRDA:0,2,0,2
BRDA:0,2,1,2
BRDA:8,3,0,0
BRDA:8,3,1,2
BRDA:21,4,0,0
BRDA:21,4,1,2
BRDA:64,5,0,1
BRDA:64,5,1,4
BRDA:68,6,0,1
BRDA:68,6,1,3
BRDA:72,7,0,1
BRDA:72,7,1,2
BRDA:76,8,0,1
BRDA:76,8,1,1
BRDA:80,9,0,1
BRDA:80,9,1,0
BRF:18
BRH:15
end_of_record
TN:
SF:E:\Rice\secondterm\COMP531\hw6\frontend\src\components\profile\profileinfo.js
FN:0,_interopRequireDefault
FN:4,ProfileInfo
FN:27,(anonymous_3)
FNF:3
FNH:1
FNDA:1,_interopRequireDefault
FNDA:0,ProfileInfo
FNDA:0,(anonymous_3)
DA:0,1
DA:1,1
DA:2,1
DA:4,1
DA:6,0
DA:26,1
DA:28,0
LF:7
LH:5
BRDA:0,1,0,0
BRDA:0,1,1,1
BRDA:0,2,0,1
BRDA:0,2,1,1
BRDA:29,3,0,0
BRDA:29,3,1,0
BRF:6
BRH:4
end_of_record
TN:
SF:E:\Rice\secondterm\COMP531\hw6\frontend\src\reducer.spec.js
FN:0,(anonymous_1)
FN:0,_interopRequireDefault
FN:0,_toConsumableArray
FN:6,(anonymous_4)
FN:22,(anonymous_5)
FN:26,(anonymous_6)
FN:31,(anonymous_7)
FN:37,(anonymous_8)
FN:52,(anonymous_9)
FN:58,(anonymous_10)
FNF:10
FNH:10
FNDA:0,(anonymous_1)
FNDA:3,_interopRequireDefault
FNDA:1,_toConsumableArray
FNDA:1,(anonymous_4)
FNDA:1,(anonymous_5)
FNDA:1,(anonymous_6)
FNDA:1,(anonymous_7)
FNDA:1,(anonymous_8)
FNDA:1,(anonymous_9)
FNDA:1,(anonymous_10)
DA:0,3
DA:1,1
DA:2,1
DA:3,1
DA:4,1
DA:6,1
DA:7,1
DA:8,1
DA:9,1
DA:22,1
DA:23,1
DA:26,1
DA:27,1
DA:28,1
DA:31,1
DA:32,1
DA:33,1
DA:37,1
DA:38,1
DA:48,1
DA:52,1
DA:53,1
DA:54,1
DA:55,1
DA:58,1
DA:59,1
DA:85,1
DA:86,1
DA:87,1
LF:29
LH:29
BRDA:0,1,0,1
BRDA:0,1,1,0
BRDA:0,2,0,0
BRDA:0,2,1,0
BRDA:0,3,0,1
BRDA:0,3,1,2
BRDA:0,4,0,3
BRDA:0,4,1,3
BRDA:0,5,0,1
BRDA:0,5,1,0
BRF:10
BRH:10
end_of_record
